<?xml version="1.0" encoding="UTF-8"?>
<testsuite xmlns:xsi="http://www.w3.org/2001/XMLSchema-instance" xsi:noNamespaceSchemaLocation="https://maven.apache.org/surefire/maven-surefire-plugin/xsd/surefire-test-report.xsd" version="3.0.2" name="com.powernode.TliasWebApplicationTests" time="4.128" tests="1" errors="0" skipped="0" failures="0">
  <properties>
[...]
</properties>
  <testcase name="contextLoads" classname="com.powernode.TliasWebApplicationTests" time="1.173">
    <system-out><![CDATA[21:30:29.510 [main] INFO org.springframework.test.context.support.AnnotationConfigContextLoaderUtils -- Could not detect default configuration classes for test class [com.powernode.TliasWebApplicationTests]: TliasWebApplicationTests does not declare any static, non-private, non-final, nested classes annotated with @Configuration.
21:30:29.657 [main] INFO org.springframework.boot.test.context.SpringBootTestContextBootstrapper -- Found @SpringBootConfiguration com.powernode.TliasWebApplication for test class com.powernode.TliasWebApplicationTests

  .   ____          _            __ _ _
 /\\ / ___'_ __ _ _(_)_ __  __ _ \ \ \ \
( ( )\___ | '_ | '_| | '_ \/ _` | \ \ \ \
 \\/  ___)| |_)| | | | | || (_| |  ) ) ) )
  '  |____| .__|_| |_|_| |_\__, | / / / /
 =========|_|==============|___/=/_/_/_/

 :: Spring Boot ::                (v3.5.8)

2025-12-04T21:30:30.327+08:00  INFO 14504 --- [tlias-web] [           main] com.powernode.TliasWebApplicationTests   : Starting TliasWebApplicationTests using Java 17.0.6 with PID 14504 (started by 曹瑞 in D:\bolgProject\personProject\tlias-web)
2025-12-04T21:30:30.329+08:00  INFO 14504 --- [tlias-web] [           main] com.powernode.TliasWebApplicationTests   : No active profile set, falling back to 1 default profile: "default"
Logging initialized using 'class org.apache.ibatis.logging.stdout.StdOutImpl' adapter.
2025-12-04T21:30:32.255+08:00  INFO 14504 --- [tlias-web] [           main] com.powernode.TliasWebApplicationTests   : Started TliasWebApplicationTests in 2.358 seconds (process running for 3.576)
]]></system-out>
  </testcase>
</testsuite>